This is METAFONT, Version 2.71828182 (preloaded base=mf 2023.10.16)  16 NOV 2023 13:13
**romanu.mf
(romanu.mf
>> cmchar
! Isolated expression.
<to be read again> 
                   "The letter A"
l.12 cmchar "The letter A"
                          ;
? H
I couldn't find an `=' or `:=' after the
expression that is shown above this error message,
so I guess I'll just ignore it and carry on.

? 
! Extra tokens will be flushed.
<to be read again> 
                   "The letter A"
l.12 cmchar "The letter A"
                          ;
? 
>> 13u#
! Internal quantity `charwd' must receive a known value.
<to be read again> 
                   ;
beginchar->...byte(EXPR0)else:0fi;charwd:=(EXPR1);
                                                  charht:=(EXPR2);chardp:=(E...
l.13 beginchar("A",13u#,cap_height#,0)
                                      ;
? 
>> cap_height#
! Internal quantity `charht' must receive a known value.
<to be read again> 
                   ;
beginchar->...0fi;charwd:=(EXPR1);charht:=(EXPR2);
                                                  chardp:=(EXPR3);w:=hround(...
l.13 beginchar("A",13u#,cap_height#,0)
                                      ;
? 
>> adjust_fit
! Isolated expression.
<to be read again> 
                   (
l.14 adjust_fit(
                cap_serif_fit#,cap_serif_fit#);
? X

